[    0.000000] Initializing cgroup subsys cpuset
[    0.000000] Initializing cgroup subsys cpu
[    0.000000] Initializing cgroup subsys cpuacct
[    0.000000] Linux version 4.4.0-66-generic (buildd@lgw01-28) (gcc version 5.4.0 20160609 (Ubuntu 5.4.0-6ubuntu1~16.04.4) ) #87-Ubuntu SMP Fri Mar 3 15:29:05 UTC 2017 (Ubuntu 4.4.0-66.87-generic 4.4.44)
[    0.000000] Command line: BOOT_IMAGE=/boot/vmlinuz-4.4.0-66-generic root=LABEL=cloudimg-rootfs ro console=tty1 console=ttyS0
[    0.000000] KERNEL supported cpus:
[    0.000000]   Intel GenuineIntel
[    0.000000]   AMD AuthenticAMD
[    0.000000]   Centaur CentaurHauls
[    0.000000] x86/fpu: Legacy x87 FPU detected.
[    0.000000] x86/fpu: Using 'lazy' FPU context switches.
[    0.000000] e820: BIOS-provided physical RAM map:
[    0.000000] BIOS-e820: [mem 0x0000000000000000-0x000000000009fbff] usable
[    0.000000] BIOS-e820: [mem 0x000000000009fc00-0x000000000009ffff] reserved
[    0.000000] BIOS-e820: [mem 0x00000000000f0000-0x00000000000fffff] reserved
[    0.000000] BIOS-e820: [mem 0x0000000000100000-0x000000003ffeffff] usable
[    0.000000] BIOS-e820: [mem 0x000000003fff0000-0x000000003fffffff] ACPI data
[    0.000000] BIOS-e820: [mem 0x00000000fec00000-0x00000000fec00fff] reserved
[    0.000000] BIOS-e820: [mem 0x00000000fee00000-0x00000000fee00fff] reserved
[    0.000000] BIOS-e820: [mem 0x00000000fffc0000-0x00000000ffffffff] reserved
[    0.000000] NX (Execute Disable) protection: active
[    0.000000] SMBIOS 2.5 present.
[    0.000000] Hypervisor detected: KVM
[    0.000000] e820: last_pfn = 0x3fff0 max_arch_pfn = 0x400000000
[    0.000000] MTRR: Disabled
[    0.000000] x86/PAT: MTRRs disabled, skipping PAT initialization too.
[    0.000000] x86/PAT: Configuration [0-7]: WB  WT  UC- UC  WB  WT  UC- UC  
[    0.000000] CPU MTRRs all blank - virtualized system.
[    0.000000] found SMP MP-table at [mem 0x0009fff0-0x0009ffff] mapped at [ffff88000009fff0]
[    0.000000] Scanning 1 areas for low memory corruption
[    0.000000] RAMDISK: [mem 0x36ace000-0x3755efff]
[    0.000000] ACPI: Early table checksum verification disabled
[    0.000000] ACPI: RSDP 0x00000000000E0000 000024 (v02 VBOX  )
[    0.000000] ACPI: XSDT 0x000000003FFF0030 00003C (v01 VBOX   VBOXXSDT 00000001 ASL  00000061)
[    0.000000] ACPI: FACP 0x000000003FFF00F0 0000F4 (v04 VBOX   VBOXFACP 00000001 ASL  00000061)
[    0.000000] ACPI: DSDT 0x000000003FFF0470 0021C8 (v02 VBOX   VBOXBIOS 00000002 INTL 20160108)
[    0.000000] ACPI: FACS 0x000000003FFF0200 000040
[    0.000000] ACPI: FACS 0x000000003FFF0200 000040
[    0.000000] ACPI: APIC 0x000000003FFF0240 00005C (v02 VBOX   VBOXAPIC 00000001 ASL  00000061)
[    0.000000] ACPI: SSDT 0x000000003FFF02A0 0001CC (v01 VBOX   VBOXCPUT 00000002 INTL 20160108)
[    0.000000] No NUMA configuration found
[    0.000000] Faking a node at [mem 0x0000000000000000-0x000000003ffeffff]
[    0.000000] NODE_DATA(0) allocated [mem 0x3ffeb000-0x3ffeffff]
[    0.000000] kvm-clock: Using msrs 4b564d01 and 4b564d00
[    0.000000] kvm-clock: cpu 0, msr 0:3ffe3001, primary cpu clock
[    0.000000] kvm-clock: using sched offset of 6058589620 cycles
[    0.000000] clocksource: kvm-clock: mask: 0xffffffffffffffff max_cycles: 0x1cd42e4dffb, max_idle_ns: 881590591483 ns
[    0.000000] Zone ranges:
[    0.000000]   DMA      [mem 0x0000000000001000-0x0000000000ffffff]
[    0.000000]   DMA32    [mem 0x0000000001000000-0x000000003ffeffff]
[    0.000000]   Normal   empty
[    0.000000]   Device   empty
[    0.000000] Movable zone start for each node
[    0.000000] Early memory node ranges
[    0.000000]   node   0: [mem 0x0000000000001000-0x000000000009efff]
[    0.000000]   node   0: [mem 0x0000000000100000-0x000000003ffeffff]
[    0.000000] Initmem setup node 0 [mem 0x0000000000001000-0x000000003ffeffff]
[    0.000000] ACPI: PM-Timer IO Port: 0x4008
[    0.000000] IOAPIC[0]: apic_id 2, version 32, address 0xfec00000, GSI 0-23
[    0.000000] ACPI: INT_SRC_OVR (bus 0 bus_irq 0 global_irq 2 dfl dfl)
[    0.000000] ACPI: INT_SRC_OVR (bus 0 bus_irq 9 global_irq 9 high level)
[    0.000000] Using ACPI (MADT) for SMP configuration information
[    0.000000] smpboot: Allowing 2 CPUs, 0 hotplug CPUs
[    0.000000] PM: Registered nosave memory: [mem 0x00000000-0x00000fff]
[    0.000000] PM: Registered nosave memory: [mem 0x0009f000-0x0009ffff]
[    0.000000] PM: Registered nosave memory: [mem 0x000a0000-0x000effff]
[    0.000000] PM: Registered nosave memory: [mem 0x000f0000-0x000fffff]
[    0.000000] e820: [mem 0x40000000-0xfebfffff] available for PCI devices
[    0.000000] Booting paravirtualized kernel on KVM
[    0.000000] clocksource: refined-jiffies: mask: 0xffffffff max_cycles: 0xffffffff, max_idle_ns: 7645519600211568 ns
[    0.000000] setup_percpu: NR_CPUS:512 nr_cpumask_bits:512 nr_cpu_ids:2 nr_node_ids:1
[    0.000000] PERCPU: Embedded 33 pages/cpu @ffff88003fc00000 s98264 r8192 d28712 u1048576
[    0.000000] PV qspinlock hash table entries: 256 (order: 0, 4096 bytes)
[    0.000000] Built 1 zonelists in Node order, mobility grouping on.  Total pages: 257913
[    0.000000] Policy zone: DMA32
[    0.000000] Kernel command line: BOOT_IMAGE=/boot/vmlinuz-4.4.0-66-generic root=LABEL=cloudimg-rootfs ro console=tty1 console=ttyS0
[    0.000000] PID hash table entries: 4096 (order: 3, 32768 bytes)
[    0.000000] Memory: 1001756K/1048120K available (8452K kernel code, 1293K rwdata, 3980K rodata, 1488K init, 1316K bss, 46364K reserved, 0K cma-reserved)
[    0.000000] SLUB: HWalign=64, Order=0-3, MinObjects=0, CPUs=2, Nodes=1
[    0.000000] Hierarchical RCU implementation.
[    0.000000] 	Build-time adjustment of leaf fanout to 64.
[    0.000000] 	RCU restricting CPUs from NR_CPUS=512 to nr_cpu_ids=2.
[    0.000000] RCU: Adjusting geometry for rcu_fanout_leaf=64, nr_cpu_ids=2
[    0.000000] NR_IRQS:33024 nr_irqs:440 16
[    0.000000] Console: colour VGA+ 80x25
[    0.000000] console [tty1] enabled
[    0.000000] console [ttyS0] enabled
[    0.000000] tsc: Detected 1297.237 MHz processor
[    0.000000] tsc: Marking TSC unstable due to TSCs unsynchronized
[    0.012000] Calibrating delay loop (skipped) preset value.. 2594.47 BogoMIPS (lpj=5188948)
[    0.016030] pid_max: default: 32768 minimum: 301
[    0.020047] ACPI: Core revision 20150930
[    0.030177] ACPI: 2 ACPI AML tables successfully acquired and loaded
[    0.036088] Security Framework initialized
[    0.040013] Yama: becoming mindful.
[    0.043468] AppArmor: AppArmor initialized
[    0.044283] Dentry cache hash table entries: 131072 (order: 8, 1048576 bytes)
[    0.049132] Inode-cache hash table entries: 65536 (order: 7, 524288 bytes)
[    0.054811] Mount-cache hash table entries: 2048 (order: 2, 16384 bytes)
[    0.056052] Mountpoint-cache hash table entries: 2048 (order: 2, 16384 bytes)
[    0.060602] Initializing cgroup subsys io
[    0.064040] Initializing cgroup subsys memory
[    0.068093] Initializing cgroup subsys devices
[    0.072054] Initializing cgroup subsys freezer
[    0.076026] Initializing cgroup subsys net_cls
[    0.080026] Initializing cgroup subsys perf_event
[    0.084027] Initializing cgroup subsys net_prio
[    0.088071] Initializing cgroup subsys hugetlb
[    0.092020] Initializing cgroup subsys pids
[    0.096359] CPU: Physical Processor ID: 0
[    0.100041] CPU: Processor Core ID: 0
[    0.104043] mce: CPU supports 0 MCE banks
[    0.108081] Last level iTLB entries: 4KB 512, 2MB 8, 4MB 4
[    0.112030] Last level dTLB entries: 4KB 512, 2MB 8, 4MB 4, 1GB 0
[    0.126927] Freeing SMP alternatives memory: 32K (ffffffff820b9000 - ffffffff820c1000)
[    0.167553] ftrace: allocating 32123 entries in 126 pages
[    0.212097] smpboot: APIC(0) Converting physical 0 to logical package 0
[    0.216041] smpboot: Max logical packages: 1
[    0.221167] x2apic enabled
[    0.224032] Switched APIC routing to physical x2apic.
[    0.233010] ..TIMER: vector=0x30 apic1=0 pin1=2 apic2=-1 pin2=-1
[    0.240000] APIC calibration not consistent with PM-Timer: 98ms instead of 100ms
[    0.240000] APIC delta adjusted to PM-Timer: 6323391 (6243809)
[    0.240225] smpboot: CPU0: AMD E-300 APU with Radeon(tm) HD Graphics (family: 0x14, model: 0x2, stepping: 0x0)
[    0.250313] Performance Events: Broken PMU hardware detected, using software events only.
[    0.256031] Failed to access perfctr msr (MSR c0010007 is 0)
[    0.260156] KVM setup paravirtual spinlock
[    0.269947] x86: Booting SMP configuration:
[    0.276053] .... node  #0, CPUs:      #1
[    0.012000] kvm-clock: cpu 1, msr 0:3ffe3041, secondary cpu clock
[    0.012000] mce: CPU supports 0 MCE banks
[    0.300459] x86: Booted up 1 node, 2 CPUs
[    0.304033] smpboot: Total of 2 processors activated (5188.94 BogoMIPS)
[    0.314498] devtmpfs: initialized
[    0.336024] evm: security.selinux
[    0.340017] evm: security.SMACK64
[    0.344029] evm: security.SMACK64EXEC
[    0.349341] evm: security.SMACK64TRANSMUTE
[    0.352026] evm: security.SMACK64MMAP
[    0.356024] evm: security.ima
[    0.360024] evm: security.capability
[    0.372407] clocksource: jiffies: mask: 0xffffffff max_cycles: 0xffffffff, max_idle_ns: 7645041785100000 ns
[    0.382084] pinctrl core: initialized pinctrl subsystem
[    0.384605] RTC time: 15:11:50, date: 03/24/17
[    0.389015] NET: Registered protocol family 16
[    0.408039] cpuidle: using governor ladder
[    0.424136] cpuidle: using governor menu
[    0.432060] PCCT header not found.
[    0.440404] ACPI: bus type PCI registered
[    0.444036] acpiphp: ACPI Hot Plug PCI Controller Driver version: 0.5
[    0.452185] PCI: Using configuration type 1 for base access
[    0.456025] PCI: Using configuration type 1 for extended access
[    0.508640] ACPI: Added _OSI(Module Device)
[    0.512036] ACPI: Added _OSI(Processor Device)
[    0.516028] ACPI: Added _OSI(3.0 _SCP Extensions)
[    0.520034] ACPI: Added _OSI(Processor Aggregator Device)
[    0.526081] ACPI: Executed 1 blocks of module-level executable AML code
[    0.541361] ACPI: Interpreter enabled
[    0.544058] ACPI: (supports S0 S5)
[    0.548010] ACPI: Using IOAPIC for interrupt routing
[    0.552725] PCI: Using host bridge windows from ACPI; if necessary, use "pci=nocrs" and report a bug
[    0.572660] ACPI: PCI Root Bridge [PCI0] (domain 0000 [bus 00-ff])
[    0.576066] acpi PNP0A03:00: _OSC: OS supports [ExtendedConfig ASPM ClockPM Segments MSI]
[    0.580069] acpi PNP0A03:00: _OSC failed (AE_NOT_FOUND); disabling ASPM
[    0.588816] PCI host bridge to bus 0000:00
[    0.592043] pci_bus 0000:00: root bus resource [io  0x0000-0x0cf7 window]
[    0.596019] pci_bus 0000:00: root bus resource [io  0x0d00-0xffff window]
[    0.600012] pci_bus 0000:00: root bus resource [mem 0x000a0000-0x000bffff window]
[    0.604011] pci_bus 0000:00: root bus resource [mem 0x40000000-0xffdfffff window]
[    0.608036] pci_bus 0000:00: root bus resource [bus 00-ff]
[    0.617424] pci 0000:00:01.1: legacy IDE quirk: reg 0x10: [io  0x01f0-0x01f7]
[    0.620027] pci 0000:00:01.1: legacy IDE quirk: reg 0x14: [io  0x03f6]
[    0.624015] pci 0000:00:01.1: legacy IDE quirk: reg 0x18: [io  0x0170-0x0177]
[    0.628040] pci 0000:00:01.1: legacy IDE quirk: reg 0x1c: [io  0x0376]
[    0.714210] pci 0000:00:07.0: quirk: [io  0x4000-0x403f] claimed by PIIX4 ACPI
[    0.716075] pci 0000:00:07.0: quirk: [io  0x4100-0x410f] claimed by PIIX4 SMB
[    0.758123] ACPI: PCI Interrupt Link [LNKA] (IRQs 5 9 10 *11)
[    0.769518] ACPI: PCI Interrupt Link [LNKB] (IRQs 5 9 10 *11)
[    0.780449] ACPI: PCI Interrupt Link [LNKC] (IRQs 5 9 *10 11)
[    0.792492] ACPI: PCI Interrupt Link [LNKD] (IRQs 5 *9 10 11)
[    0.802675] ACPI: Enabled 2 GPEs in block 00 to 07
[    0.804744] vgaarb: setting as boot device: PCI:0000:00:02.0
[    0.808000] vgaarb: device added: PCI:0000:00:02.0,decodes=io+mem,owns=io+mem,locks=none
[    0.808038] vgaarb: loaded
[    0.812010] vgaarb: bridge control possible 0000:00:02.0
[    0.820919] SCSI subsystem initialized
[    0.828311] ACPI: bus type USB registered
[    0.832172] usbcore: registered new interface driver usbfs
[    0.836089] usbcore: registered new interface driver hub
[    0.844675] usbcore: registered new device driver usb
[    0.858016] PCI: Using ACPI for IRQ routing
[    0.861057] NetLabel: Initializing
[    0.864024] NetLabel:  domain hash size = 128
[    0.868021] NetLabel:  protocols = UNLABELED CIPSOv4
[    0.872121] NetLabel:  unlabeled traffic allowed by default
[    0.876867] amd_nb: Cannot enumerate AMD northbridges
[    0.884591] clocksource: Switched to clocksource kvm-clock
[    0.960621] AppArmor: AppArmor Filesystem Enabled
[    0.972420] pnp: PnP ACPI init
[    0.981214] pnp: PnP ACPI: found 3 devices
[    1.070790] clocksource: acpi_pm: mask: 0xffffff max_cycles: 0xffffff, max_idle_ns: 2085701024 ns
[    1.090609] NET: Registered protocol family 2
[    1.103056] TCP established hash table entries: 8192 (order: 4, 65536 bytes)
[    1.130586] TCP bind hash table entries: 8192 (order: 5, 131072 bytes)
[    1.153770] TCP: Hash tables configured (established 8192 bind 8192)
[    1.174686] UDP hash table entries: 512 (order: 2, 16384 bytes)
[    1.202532] UDP-Lite hash table entries: 512 (order: 2, 16384 bytes)
[    1.241286] NET: Registered protocol family 1
[    1.251126] pci 0000:00:00.0: Limiting direct PCI/PCI transfers
[    1.259001] pci 0000:00:01.0: Activating ISA DMA hang workarounds
[    1.272914] Trying to unpack rootfs image as initramfs...
[    9.413609] Freeing initrd memory: 10820K (ffff880036ace000 - ffff88003755f000)
[    9.424047] clocksource: tsc: mask: 0xffffffffffffffff max_cycles: 0x12b2ebef9b1, max_idle_ns: 440795214546 ns
[    9.470059] platform rtc_cmos: registered platform RTC device (no PNP device found)
[    9.486752] Scanning for low memory corruption every 60 seconds
[    9.495017] futex hash table entries: 512 (order: 3, 32768 bytes)
[    9.504173] audit: initializing netlink subsys (disabled)
[    9.517877] audit: type=2000 audit(1490368325.419:1): initialized
[    9.526182] Initialise system trusted keyring
[    9.545136] HugeTLB registered 2 MB page size, pre-allocated 0 pages
[    9.633090] zbud: loaded
[    9.661021] VFS: Disk quotas dquot_6.6.0
[    9.666027] VFS: Dquot-cache hash table entries: 512 (order 0, 4096 bytes)
[    9.682327] squashfs: version 4.0 (2009/01/31) Phillip Lougher
[    9.699253] fuse init (API version 7.23)
[    9.707226] Key type big_key registered
[    9.715167] Allocating IMA MOK and blacklist keyrings.
[    9.745040] Key type asymmetric registered
[    9.764343] Asymmetric key parser 'x509' registered
[    9.781158] Block layer SCSI generic (bsg) driver version 0.4 loaded (major 249)
[    9.802596] io scheduler noop registered
[    9.817047] io scheduler deadline registered (default)
[    9.857030] io scheduler cfq registered
[    9.869783] pci_hotplug: PCI Hot Plug PCI Core version: 0.5
[    9.877237] pciehp: PCI Express Hot Plug Controller Driver version: 0.4
[    9.894227] ACPI: AC Adapter [AC] (on-line)
[    9.913326] input: Power Button as /devices/LNXSYSTM:00/LNXPWRBN:00/input/input0
[    9.928364] ACPI: Power Button [PWRF]
[    9.944416] input: Sleep Button as /devices/LNXSYSTM:00/LNXSLPBN:00/input/input1
[    9.970557] ACPI: Sleep Button [SLPF]
[    9.990898] ACPI: Battery Slot [BAT0] (battery present)
[    9.993899] GHES: HEST is not enabled!
[    9.994394] Serial: 8250/16550 driver, 32 ports, IRQ sharing enabled
[   10.051835] 00:02: ttyS0 at I/O 0x3f8 (irq = 4, base_baud = 115200) is a 16550A
[   10.100518] Linux agpgart interface v0.103
[   10.363050] brd: module loaded
[   10.432367] loop: module loaded
[   10.453483] scsi host0: ata_piix
[   10.469157] scsi host1: ata_piix
[   10.477666] ata1: PATA max UDMA/33 cmd 0x1f0 ctl 0x3f6 bmdma 0xd000 irq 14
[   10.487001] ata2: PATA max UDMA/33 cmd 0x170 ctl 0x376 bmdma 0xd008 irq 15
[   10.498764] libphy: Fixed MDIO Bus: probed
[   10.530508] tun: Universal TUN/TAP device driver, 1.6
[   10.548627] tun: (C) 1999-2004 Max Krasnyansky <maxk@qualcomm.com>
[   10.563533] PPP generic driver version 2.4.2
[   10.582764] ehci_hcd: USB 2.0 'Enhanced' Host Controller (EHCI) Driver
[   10.627062] ehci-pci: EHCI PCI platform driver
[   10.641684] ehci-platform: EHCI generic platform driver
[   10.660970] ohci_hcd: USB 1.1 'Open' Host Controller (OHCI) Driver
[   10.696375] ohci-pci: OHCI PCI platform driver
[   10.714701] ohci-platform: OHCI generic platform driver
[   10.729669] uhci_hcd: USB Universal Host Controller Interface driver
[   10.756634] i8042: PNP: PS/2 Controller [PNP0303:PS2K,PNP0f03:PS2M] at 0x60,0x64 irq 1,12
[   10.785864] serio: i8042 KBD port at 0x60,0x64 irq 1
[   10.793803] serio: i8042 AUX port at 0x60,0x64 irq 12
[   10.802633] mousedev: PS/2 mouse device common for all mice
[   10.815958] input: AT Translated Set 2 keyboard as /devices/platform/i8042/serio0/input/input2
[   10.861774] rtc_cmos rtc_cmos: rtc core: registered rtc_cmos as rtc0
[   10.893100] rtc_cmos rtc_cmos: alarms up to one day, 114 bytes nvram
[   10.914647] i2c /dev entries driver
[   10.929514] device-mapper: uevent: version 1.0.3
[   10.952776] device-mapper: ioctl: 4.34.0-ioctl (2015-10-28) initialised: dm-devel@redhat.com
[   10.990941] ledtrig-cpu: registered to indicate activity on CPUs
[   11.031025] NET: Registered protocol family 10
[   11.054852] NET: Registered protocol family 17
[   11.071297] Key type dns_resolver registered
[   11.081730] microcode: CPU0: patch_level=0x06000626
[   11.102395] microcode: CPU1: patch_level=0x06000626
[   11.140084] microcode: Microcode Update Driver: v2.01 <tigran@aivazian.fsnet.co.uk>, Peter Oruba
[   11.182753] registered taskstats version 1
[   11.202551] Loading compiled-in X.509 certificates
[   11.237523] Loaded X.509 cert 'Build time autogenerated kernel key: 32ca4feee90b5cde51f5f8c0e024b22f8c679982'
[   11.271367] zswap: loaded using pool lzo/zbud
[   11.314017] Key type trusted registered
[   11.447096] Key type encrypted registered
[   11.478877] AppArmor: AppArmor sha1 policy hashing enabled
[   11.582087] ima: No TPM chip found, activating TPM-bypass!
[   11.729171] evm: HMAC attrs: 0x1
[   11.743768]   Magic number: 9:990:184
[   11.814833] rtc_cmos rtc_cmos: setting system clock to 2017-03-24 15:12:02 UTC (1490368322)
[   12.028187] BIOS EDD facility v0.16 2004-Jun-25, 0 devices found
[   12.329060] EDD information not available.
[   12.489800] Freeing unused kernel memory: 1488K (ffffffff81f45000 - ffffffff820b9000)
[   12.784028] Write protecting the kernel read-only data: 14336k
[   12.962907] Freeing unused kernel memory: 1776K (ffff880001844000 - ffff880001a00000)
[   13.233234] Freeing unused kernel memory: 116K (ffff880001de3000 - ffff880001e00000)
Loading, please wait...
starting version 229
[   13.582602] random: systemd-udevd: uninitialized urandom read (16 bytes read, 5 bits of entropy available)
[   13.587760] random: udevadm: uninitialized urandom read (16 bytes read, 5 bits of entropy available)
[   13.587959] random: udevadm: uninitialized urandom read (16 bytes read, 5 bits of entropy available)
[   13.588732] random: udevadm: uninitialized urandom read (16 bytes read, 5 bits of entropy available)
[   13.588963] random: udevadm: uninitialized urandom read (16 bytes read, 5 bits of entropy available)
[   13.589199] random: udevadm: uninitialized urandom read (16 bytes read, 5 bits of entropy available)
[   13.589416] random: udevadm: uninitialized urandom read (16 bytes read, 5 bits of entropy available)
[   13.589645] random: udevadm: uninitialized urandom read (16 bytes read, 5 bits of entropy available)
[   13.589879] random: udevadm: uninitialized urandom read (16 bytes read, 5 bits of entropy available)
[   13.590092] random: udevadm: uninitialized urandom read (16 bytes read, 5 bits of entropy available)
[   14.029017] e1000: Intel(R) PRO/1000 Network Driver - version 7.3.21-k8-NAPI
[   14.041065] e1000: Copyright (c) 1999-2006 Intel Corporation.
[   14.122204] Fusion MPT base driver 3.04.20
[   14.136403] Copyright (c) 1999-2008 LSI Corporation
[   14.306951] Fusion MPT SPI Host driver 3.04.20
[   14.393059] input: ImExPS/2 Generic Explorer Mouse as /devices/platform/i8042/serio1/input/input4
[   15.801044] e1000 0000:00:03.0 eth0: (PCI:33MHz:32-bit) 02:2d:8f:cf:d6:cd
[   15.808931] e1000 0000:00:03.0 eth0: Intel(R) PRO/1000 Network Connection
[   15.819995] mptbase: ioc0: Initiating bringup
[   15.823372] e1000 0000:00:03.0 enp0s3: renamed from eth0
[   15.917589] ioc0: LSI53C1030 A0: Capabilities={Initiator}
[   16.100383] scsi host2: ioc0: LSI53C1030 A0, FwRev=00000000h, Ports=1, MaxQ=256, IRQ=20
[   16.234767] scsi 2:0:0:0: Direct-Access     VBOX     HARDDISK         1.0  PQ: 0 ANSI: 5
[   16.251730] scsi target2:0:0: Beginning Domain Validation
[   16.288054] scsi target2:0:0: Domain Validation skipping write tests
[   16.369440] scsi target2:0:0: Ending Domain Validation
[   16.479570] scsi target2:0:0: asynchronous
[   16.563586] scsi 2:0:1:0: Direct-Access     VBOX     HARDDISK         1.0  PQ: 0 ANSI: 5
[   16.644737] scsi target2:0:1: Beginning Domain Validation
[   16.802800] scsi target2:0:1: Domain Validation skipping write tests
[   16.841248] scsi target2:0:1: Ending Domain Validation
[   17.010798] scsi target2:0:1: asynchronous
[   17.094899] floppy0: no floppy controllers found
[   17.095126] work still pending
[   17.331756] sd 2:0:0:0: [sda] 20971520 512-byte logical blocks: (10.7 GB/10.0 GiB)
[   17.340424] sd 2:0:0:0: Attached scsi generic sg0 type 0
[   17.342779] sd 2:0:1:0: Attached scsi generic sg1 type 0
[   17.343489] sd 2:0:1:0: [sdb] 20480 512-byte logical blocks: (10.5 MB/10.0 MiB)
[   17.343841] sd 2:0:1:0: [sdb] Write Protect is off
[   17.344080] sd 2:0:1:0: [sdb] Incomplete mode parameter data
[   17.344084] sd 2:0:1:0: [sdb] Assuming drive cache: write through
[   17.374338] sd 2:0:1:0: [sdb] Attached SCSI disk
[   18.368780] sd 2:0:0:0: [sda] Write Protect is off
[   18.550690] sd 2:0:0:0: [sda] Incomplete mode parameter data
[   18.732346] sd 2:0:0:0: [sda] Assuming drive cache: write through
[   18.780378]  sda: sda1
[   18.862994] sd 2:0:0:0: [sda] Attached SCSI disk
Begin: Loading essential drivers[   22.638144] md: linear personality registered for level -1
 ... [   22.776192] md: multipath personality registered for level -4
[   22.817185] md: raid0 personality registered for level 0
[   22.935297] md: raid1 personality registered for level 1
[   23.149139] raid6: sse2x1   gen()   362 MB/s
[   23.223435] raid6: sse2x1   xor()   218 MB/s
[   23.300814] raid6: sse2x2   gen()   289 MB/s
[   23.372463] raid6: sse2x2   xor()   227 MB/s
[   23.445257] raid6: sse2x4   gen()   223 MB/s
[   23.528159] raid6: sse2x4   xor()   153 MB/s
[   23.540351] raid6: using algorithm sse2x1 gen() 362 MB/s
[   23.550974] raid6: .... xor() 218 MB/s, rmw enabled
[   23.560547] raid6: using ssse3x2 recovery algorithm
[   23.588881] xor: measuring software checksum speed
[   23.646180]    prefetch64-sse:   108.000 MB/sec
[   23.708822]    generic_sse:   109.000 MB/sec
[   23.725151] xor: using function: generic_sse (109.000 MB/sec)
[   23.821901] async_tx: api initialized (async)
[   24.057789] md: raid6 personality registered for level 6
[   24.098604] md: raid5 personality registered for level 5
[   24.125709] md: raid4 personality registered for level 4
[   24.199443] md: raid10 personality registered for level 10
done.
Begin: Running /scripts/init-premount ... done.
Begin: Mounting root file system ... Begin: Running /scripts/local-top ... done.
Begin: Running /scripts/local-premount ... [   24.557460] Btrfs loaded
Scanning for Btrfs filesystems
done.
Warning: fsck not present, so skipping root file system
[   25.195934] EXT4-fs (sda1): mounted filesystem with ordered data mode. Opts: (null)
done.
Begin: Running /scripts/local-bottom ... done.
Begin: Running /scripts/init-bottom ... done.
[   26.005050] random: nonblocking pool is initialized
[   27.301141] systemd[1]: systemd 229 running in system mode. (+PAM +AUDIT +SELINUX +IMA +APPARMOR +SMACK +SYSVINIT +UTMP +LIBCRYPTSETUP +GCRYPT +GNUTLS +ACL +XZ -LZ4 +SECCOMP +BLKID +ELFUTILS +KMOD -IDN)
[   27.392660] systemd[1]: Detected virtualization oracle.
[   27.416545] systemd[1]: Detected architecture x86-64.

Welcome to [1mUbuntu 16.04.2 LTS[0m!

[   27.595136] systemd[1]: Set hostname to <ubuntu-xenial>.
[   30.241153] systemd[1]: Listening on udev Control Socket.
[[0;32m  OK  [0m] Listening on udev Control Socket.
[   30.301647] systemd[1]: Started Forward Password Requests to Wall Directory Watch.
[[0;32m  OK  [0m] Started Forward Password Requests to Wall Directory Watch.
[   30.369468] systemd[1]: Reached target Swap.
[[0;32m  OK  [0m] Reached target Swap.
[   30.425219] systemd[1]: Reached target Encrypted Volumes.
[[0;32m  OK  [0m] Reached target Encrypted Volumes.
[   30.502054] systemd[1]: Listening on LVM2 metadata daemon socket.
[[0;32m  OK  [0m] Listening on LVM2 metadata daemon socket.
[   30.571247] systemd[1]: Created slice User and Session Slice.
[[0;32m  OK  [0m] Created slice User and Session Slice.
[   30.601789] systemd[1]: Listening on LVM2 poll daemon socket.
[[0;32m  OK  [0m] Listening on LVM2 poll daemon socket.
[   30.710048] systemd[1]: Listening on Syslog Socket.
[[0;32m  OK  [0m] Listening on Syslog Socket.
[   30.877152] systemd[1]: Listening on udev Kernel Socket.
[[0;32m  OK  [0m] Listening on udev Kernel Socket.
[   31.129153] systemd[1]: Listening on Device-mapper event daemon FIFOs.
[[0;32m  OK  [0m] Listening on Device-mapper event daemon FIFOs.
[   31.531549] systemd[1]: Set up automount Arbitrary Executable File Formats File System Automount Point.
[[0;32m  OK  [0m] Set up automount Arbitrary Executab...ats File System Automount Point.
[   31.650848] systemd[1]: Listening on Journal Socket (/dev/log).
[[0;32m  OK  [0m] Listening on Journal Socket (/dev/log).
[   31.689492] systemd[1]: Listening on Journal Audit Socket.
[[0;32m  OK  [0m] Listening on Journal Audit Socket.
[   31.745321] systemd[1]: Created slice System Slice.
[[0;32m  OK  [0m] Created slice System Slice.
[   31.797623] systemd[1]: Reached target Slices.
[[0;32m  OK  [0m] Reached target Slices.
[   31.946923] systemd[1]: Created slice system-serial\x2dgetty.slice.
[[0;32m  OK  [0m] Created slice system-serial\x2dgetty.slice.
[   32.129216] systemd[1]: Reached target User and Group Name Lookups.
[[0;32m  OK  [0m] Reached target User and Group Name Lookups.
[   32.393048] systemd[1]: Listening on /dev/initctl Compatibility Named Pipe.
[[0;32m  OK  [0m] Listening on /dev/initctl Compatibility Named Pipe.
[   32.729723] systemd[1]: Listening on Journal Socket.
[[0;32m  OK  [0m] Listening on Journal Socket.
[   32.901259] systemd[1]: Starting Load Kernel Modules...
         Starting Load Kernel Modules...
[   33.012409] systemd[1]: Mounting POSIX Message Queue File System...
         Mounting POSIX Message Queue File System...
[   33.091253] systemd[1]: Starting Monitoring of LVM2 mirrors, snapshots etc. using dmeventd or progress polling...
         Starting Monitoring of LVM2 mirrors... dmeventd or progress polling...
[   33.165489] systemd[1]: Starting Remount Root and Kernel File Systems...
         Starting Remount Root and Kernel File Systems...
[   33.241681] systemd[1]: Mounting Huge Pages File System...
         Mounting Huge Pages File System...
[   33.411869] Loading iSCSI transport class v2.0-870.
[   33.480101] systemd[1]: Mounting Debug File System...
         Mounting Debug File System...
[   33.598971] EXT4-fs (sda1): re-mounted. Opts: (null)
[   33.619214] systemd[1]: Starting Nameserver information manager...
         Starting Nameserver information manager...
[   33.815138] systemd[1]: Starting Create list of required static device nodes for the current kernel...
         Starting Create list of required st... nodes for the current kernel...
[   33.924243] systemd[1]: Starting Uncomplicated firewall...
         Starting Uncomplicated firewall...[   33.983321] iscsi: registered transport (tcp)

[   34.009339] systemd[1]: Starting Set console keymap...
         Starting Set console keymap...
[   34.050548] systemd[1]: Starting Journal Service...
         Starting Journal Service...
[   34.107698] systemd[1]: Mounted POSIX Message Queue File System.
[[0;32m  OK  [0m] Mounted POSIX Message Queue File System.
[   34.121045] systemd[1]: Mounted Huge Pages File System.
[[0;32m  OK  [0m] Mounted Huge Pages File System.
[   34.141503] systemd[1]: Mounted Debug File System.
[[0;32m  OK  [0m] Mounted Debug File System.
[   34.163942] systemd[1]: Started Remount Root and Kernel File Systems.
[[0;32m  OK  [0m] Started Remount Root and Kernel File Systems.
[   34.533554] systemd[1]: Started Nameserver information manager.
[[0;32m  OK  [0m] Started Nameserver information manager.
[   34.622024] systemd[1]: Started Create list of required static device nodes for the current kernel.
[[0;32m  OK  [0m] Started Create list of required sta...ce nodes for the current kernel.
[   35.089087] systemd[1]: Starting Create Static Device Nodes in /dev...
         Starting Create Static Device Nodes in /dev...
[   35.199415] systemd[1]: Started LVM2 metadata daemon.
[[0;32m  OK  [0m] Started LVM2 metadata daemon.
[   35.260994] systemd[1]: Starting Load/Save Random Seed...
         Starting Load/Save Random Seed...
[   35.384751] systemd[1]: Starting udev Coldplug all Devices...
         Starting udev Coldplug all Devices...
[   35.617104] systemd[1]: Starting Initial cloud-init job (pre-networking)...
         Starting Initial cloud-init job (pre-networking)...
[   35.804658] systemd[1]: Started Uncomplicated firewall.
[[0;32m  OK  [0m] Started Uncomplicated firewall.
[   35.881242] systemd[1]: Started Load/Save Random Seed.
[[0;32m  OK  [0m] Started Load/Save Random Seed.
[   36.326759] systemd[1]: Started Journal Service.
[[0;32m  OK  [0m] Started Journal Service.
         Starting Flush Journal to Persistent Storage...
[   36.710473] iscsi: registered transport (iser)
[[0;32m  OK  [0m] Started Load Kernel Modules.
[[0;32m  OK  [0m] Started Monitoring of LVM2 mirrors,...ng dmeventd or progress polling.
[[0;32m  OK  [0m] Started Set console keymap.
[[0;32m  OK  [0m] Started Create Static Device Nodes in /dev.
[   37.475330] systemd-journald[422]: Received request to flush runtime journal from PID 1
         Starting udev Kernel Device Manager...
         Starting Apply Kernel Variables...
         Mounting FUSE Control File System...
[[0;32m  OK  [0m] Mounted FUSE Control File System.
[[0;32m  OK  [0m] Started Flush Journal to Persistent Storage.
[[0;32m  OK  [0m] Started udev Coldplug all Devices.
[[0;32m  OK  [0m] Started Apply Kernel Variables.
[[0;32m  OK  [0m] Started udev Kernel Device Manager.
[[0;32m  OK  [0m] Reached target Local File Systems (Pre).
[[0;32m  OK  [0m] Reached target Local File Systems.
         Starting Tell Plymouth To Write Out Runtime Data...
         Starting LSB: AppArmor initialization...
         Starting Create Volatile Files and Directories...
         Starting Set console font and keymap...
[[0;32m  OK  [0m] Started Dispatch Password Requests to Console Directory Watch.
[[0;32m  OK  [0m] Started Tell Plymouth To Write Out Runtime Data.
[[0;32m  OK  [0m] Started Create Volatile Files and Directories.
         Starting Update UTMP about System Boot/Shutdown...
[[0;32m  OK  [0m] Reached target System Time Synchronized.
[[0;32m  OK  [0m] Started Update UTMP about System Boot/Shutdown.
[[0;32m  OK  [0m] Started LSB: AppArmor initialization.
[[0;32m  OK  [0m] Found device /dev/ttyS0.
[[0;32m  OK  [0m] Started Set console font and keymap.
[[0;32m  OK  [0m] Created slice system-getty.slice.
[[0;32m  OK  [0m] Found device 82540EM Gigabit Ethern...r (PRO/1000 MT Desktop Adapter).
[[0;32m  OK  [0m] Listening on Load/Save RF Kill Switch Status /dev/rfkill Watch.
[   61.985731] cloud-init[457]: Cloud-init v. 0.7.9 running 'init-local' at Fri, 24 Mar 2017 15:12:47 +0000. Up 57.11 seconds.
[[0;32m  OK  [0m] Started Initial cloud-init job (pre-networking).
[[0;32m  OK  [0m] Reached target Network (Pre).
         Starting Raise network interfaces...
[[0;32m  OK  [0m] Started ifup for enp0s3.
[[0;32m  OK  [0m] Started Raise network interfaces.
         Starting Initial cloud-init job (metadata service crawler)...
[[0;32m  OK  [0m] Reached target Network.
[   75.785892] cloud-init[1083]: Cloud-init v. 0.7.9 running 'init' at Fri, 24 Mar 2017 15:13:00 +0000. Up 69.99 seconds.
[   76.039118] cloud-init[1083]: ci-info: +++++++++++++++++++++++++++++++++++++Net device info++++++++++++++++++++++++++++++++++++++
[   76.363380] cloud-init[1083]: ci-info: +--------+------+----------------------------+---------------+-------+-------------------+
[   76.635568] cloud-init[1083]: ci-info: | Device |  Up  |          Address           |      Mask     | Scope |     Hw-Address    |
[   76.861727] cloud-init[1083]: ci-info: +--------+------+----------------------------+---------------+-------+-------------------+
[   77.027960] cloud-init[1083]: ci-info: | enp0s3 | True |         10.0.2.15          | 255.255.255.0 |   .   | 02:2d:8f:cf:d6:cd |
[[0;32m  OK  [0m] Started Initial cloud-init job (metadata service crawler).
[   77.245061] cloud-init[1083]: ci-info: | enp0s3 | True | fe80::2d:8fff:fecf:d6cd/64 |       .       |  link | 02:2d:8f:cf:d6:cd |
[   77.525581] cloud-init[1083]: ci-info: |   lo   | True |         127.0.0.1          |   255.0.0.0   |   .   |         .         |
[[0;32m  OK  [0m] Reached target Cloud-config availability.
[[   77.529623] cloud-init[1083]: ci-info: |   lo   | True |          ::1/128           |       .       |  host |         .         |
[0;32m  OK  [0m] Reached target System Initialization.
[   77.755138] cloud-init[1083]: ci-info: +--------+------+----------------------------+---------------+-------+-------------------+
[   78.165969] cloud-init[1083]: ci-info: +++++++++++++++++++++++++++Route IPv4 info++++++++++++++++++++++++++++
         Starting LXD - unix socket.
[[0;32m  OK  [0m] Listening on D-Bus System Message Bus Socket.
[   78.167326] cloud-init[1083]: ci-info: +-------+-------------+----------+---------------+-----------+-------+
[   78.573321]          cloud-initStarting Socket activation for snappy daemon.[1083]: 
ci-info: | Route | Destination | Gateway  |    Genmask    | Interface | Flags |
[   78.749257] cloud-init[1083]: ci-info: +-------+-------------+----------+---------------+-----------+-------+
[[0;32m  OK  [0m] Started Daily apt activities.
[[0;32m  OK  [0m] Started Trigger resolvconf update for networkd DNS.
[   78.750294] cloud-init[1083]: ci-info: |   0   |   0.0.0.0   | 10.0.2.2 |    0.0.0.0    |   enp0s3  |   UG  |
[   79.105163] [cloud-init[0;32m  OK  [0m[1083]: ] ci-info: |   1   |   10.0.2.0  | 0.0.0.0  | 255.255.255.0 |   enp0s3  |   U   |Listening on ACPID Listen Socket.

[[0;32m  OK  [0m] Listening on UUID daemon activation socket.
[   79.106236] cloud-init[1083]: ci-info: +-------+-------------+----------+---------------+-----------+-------+
[[0;32m  OK  [0m] Started Timer to automatically refresh installed snaps.
[[0;32m  OK  [0m] Started Daily Cleanup of Temporary Directories.
[[0;32m  OK  [0m] Reached target Timers.
[[0;32m  OK  [0m] Started ACPI Events Check.
[[0;32m  OK  [0m] Reached target Paths.
[[0;32m  OK  [0m] Reached target Network is Online.
         Starting iSCSI initiator daemon (iscsid)...
[[0;32m  OK  [0m] Listening on LXD - unix socket.
[[0;32m  OK  [0m] Listening on Socket activation for snappy daemon.
[[0;32m  OK  [0m] Reached target Sockets.
[[0;32m  OK  [0m] Reached target Basic System.
         Starting LSB: MD monitoring daemon...
[[0;32m  OK  [0m] Started Deferred execution scheduler.
         Starting OpenBSD Secure Shell server...
         Starting vboxadd-x11.service...
         Starting Accounts Service...
[[0;32m  OK  [0m] Started FUSE filesystem for LXC.
         Starting /etc/rc.local Compatibility...
         Starting Apply the settings specified in cloud-config...
[[0;32m  OK  [0m] Started Snappy daemon.
         Starting Auto import assertions from block devices...
         Starting System Logging Service...
[[0;32m  OK  [0m] Started D-Bus System Message Bus.
         Starting LSB: Record successful boot for GRUB...
         Starting Login Service...
[[0;32m  OK  [0m] Started ACPI event daemon.
         Starting LXD - container startup/shutdown...
         Starting vboxadd.service...
[[0;32m  OK  [0m] Started Regular background program processing daemon.
[[0;32m  OK  [0m] Started OpenBSD Secure Shell server.
[[0;32m  OK  [0m] Started System Logging Service.
[[0;32m  OK  [0m] Started iSCSI initiator daemon (iscsid).
[[0;32m  OK  [0m] Started vboxadd-x11.service.
[[0;32m  OK  [0m] Started /etc/rc.local Compatibility.
[[0;32m  OK  [0m] Started Auto import assertions from block devices.
[[0;32m  OK  [0m] Started LSB: MD monitoring daemon.
         Starting Authenticate and Authorize Users to Run Privileged Tasks...
         Starting Login to default iSCSI targets...
[[0;32m  OK  [0m] Started LSB: Record successful boot for GRUB.
[[0;32m  OK  [0m] Started LXD - container startup/shutdown.
[[0;32m  OK  [0m] Started Login Service.
[[0;32m  OK  [0m] Started Authenticate and Authorize Users to Run Privileged Tasks.
[[0;32m  OK  [0m] Started Accounts Service.
[[0;32m  OK  [0m] Started Login to default iSCSI targets.
[[0;32m  OK  [0m] Reached target Remote File Systems (Pre).
[[0;32m  OK  [0m] Reached target Remote File Systems.
         Starting Permit User Sessions...
         Starting LSB: automatic crash report generation...
         Starting LSB: daemon to balance interrupts for SMP systems...
         Starting LSB: Set the CPU Frequency Scaling governor to "ondemand"...
[[0;32m  OK  [0m] Started Permit User Sessions.
[[0;32m  OK  [0m] Created slice User Slice of ubuntu.
         Starting User Manager for UID 1000...
[[0;32m  OK  [0m] Started Session 1 of user ubuntu.
         Starting Hold until boot process finishes up...
         Starting Terminate Plymouth Boot Screen...
[[0;32m  OK  [0m] Started LSB: Set the CPU Frequency Scaling governor to "ondemand".
[[0;32m  OK  [0m] Started Hold until boot process finishes up.
[[0;32m  OK  [0m] Started User Manager for UID 1000.
[[0;32m  OK  [0m] Started Terminate Plymouth Boot Screen.
[[0;32m  OK  [0m] Started LSB: automatic crash report generation.
[[0;32m  OK  [0m] Started LSB: daemon to balance interrupts for SMP systems.
         Starting Set console scheme...
[[0;32m  OK  [0m] Started Getty on tty1.
[[0;32m  OK  [0m] Started Serial Getty on ttyS0.
[[0;32m  OK  [0m] Reached target Login Prompts.
[[0;32m  OK  [0m] Started Set console scheme.
[[0;32m  OK  [0m] Started vboxadd.service.
         Starting vboxadd-service.service...
[[0;32m  OK  [0m] Started vboxadd-service.service.
[[0;32m  OK  [0m] Reached target Multi-User System.
[[0;32m  OK  [0m] Reached target Graphical Interface.
         Starting Update UTMP about System Runlevel Changes...
[[0;32m  OK  [0m] Started Update UTMP about System Runlevel Changes.

Ubuntu 16.04.2 LTS ubuntu-xenial ttyS0

ubuntu-xenial login: [  101.209453] cloud-init[1162]: Cloud-init v. 0.7.9 running 'modules:config' at Fri, 24 Mar 2017 15:13:29 +0000. Up 98.84 seconds.
[  108.605963] cloud-init[1510]: Cloud-init v. 0.7.9 running 'modules:final' at Fri, 24 Mar 2017 15:13:37 +0000. Up 106.62 seconds.
[  108.607735] cloud-init[1510]: Cloud-init v. 0.7.9 finished at Fri, 24 Mar 2017 15:13:39 +0000. Datasource DataSourceNoCloud [seed=/dev/sdb][dsmode=net].  Up 108.51 seconds
